object TprTxReport
  FromPage = 1
  ToPage = 1
  Title = 'FORMATO DE ENTREGA DE AYUDA'
  ExportFromPage = 0
  ExportToPage = 0
  Values = <>
  Variables = <
    item
      Name = 'EMPRESA'
      ValueType = 'prvvtString'
      Value = 'FUNDACION COOPSERVIR'
    end
    item
      Name = 'OFICINA'
      ValueType = 'prvvtString'
      Value = 'OCA'#209'A'
    end
    item
      Name = 'ASOCIADO'
      ValueType = 'prvvtString'
      Value = 'CRUZ MARQUEZ ALEXANDER DAVID'
    end
    item
      Name = 'AHORRADOR'
    end
    item
      Name = 'CUENTA'
      ValueType = 'prvvtString'
      Value = '101-0026305-7'
    end
    item
      Name = 'AYUDA'
      ValueType = 'prvvtString'
      Value = 'Auxilio por Enfermedad'
    end
    item
      Name = 'VALOR'
      ValueType = 'prvvtInteger'
      Value = 40000
    end
    item
      Name = 'CONSECUTIVO'
      ValueType = 'prvvtInteger'
      Value = 1
    end
    item
      Name = 'USUARIO'
      ValueType = 'prvvtString'
      Value = 'CENAIDA GUERRERO CASTILLO'
    end
    item
      Name = 'CUENTAJ'
      ValueType = 'prvvtString'
      Value = '401-0003065-8'
    end>
  PrinterName = 'EPSON FX-1180+ ESC/P'
  ESCModelName = 'Epson printers'
  WrapAfterColumn = 0
  EjectPageAfterPrint = False
  LinesOnPage = 0
  FromLine = 0
  ToLine = 0
  ExportFromLine = 0
  ExportToLine = 0
  Left = 646
  Top = 64
  SystemInfo = (
    'OS: WIN32_NT 5.1.2600 Service Pack 2'
    ''
    'PageSize: 4096'
    'ActiveProcessorMask: $1000'
    'NumberOfProcessors: 2'
    'ProcessorType: 586'
    ''
    'Compiler version: Delphi6'
    'PReport version: 1.9.4')
  object prTxPage1: TprTxPage
    PageType = tptPage
    LineNum = 20
    ColNum = 132
    object prTxHPageHeaderBand1: TprTxHPageHeaderBand
      Height = 20
      UseVerticalBands = False
      PrintOnFirstPage = True
      object prTxMemoObj1: TprTxMemoObj
        dRec.DefVersion = 0
        dRec.Versions = <
          item
            Visible = True
            Memo.Strings = (
              '[EMPRESA]')
            DeleteEmptyLinesAtEnd = False
            DeleteEmptyLines = False
            CanResizeX = False
            CanResizeY = False
            hAlign = prhLeft
            vAlign = prvTop
            DefaultFont = False
            WordWrap = False
            TxFontOptionsEx = (
              tfoBold
              tfoWide)
          end>
        dRec.Left = 1
        dRec.Top = 0
        dRec.Right = 25
        dRec.Bottom = 1
        Visible = False
      end
      object prTxMemoObj2: TprTxMemoObj
        dRec.DefVersion = 0
        dRec.Versions = <
          item
            Visible = True
            Memo.Strings = (
              'AYUDA ENTREGADA No.:')
            DeleteEmptyLinesAtEnd = False
            DeleteEmptyLines = False
            CanResizeX = False
            CanResizeY = False
            hAlign = prhLeft
            vAlign = prvTop
            DefaultFont = False
            WordWrap = False
          end>
        dRec.Left = 27
        dRec.Top = 0
        dRec.Right = 47
        dRec.Bottom = 1
        Visible = False
      end
      object prTxMemoObj3: TprTxMemoObj
        dRec.DefVersion = 0
        dRec.Versions = <
          item
            Visible = True
            Memo.Strings = (
              'FECHA ENTREGA:[:<yyyy/MM/dd>StartDateTime]')
            DeleteEmptyLinesAtEnd = False
            DeleteEmptyLines = False
            CanResizeX = False
            CanResizeY = False
            hAlign = prhLeft
            vAlign = prvTop
            DefaultFont = False
            WordWrap = False
          end>
        dRec.Left = 74
        dRec.Top = 0
        dRec.Right = 99
        dRec.Bottom = 1
        Visible = False
      end
      object prTxMemoObj4: TprTxMemoObj
        dRec.DefVersion = 0
        dRec.Versions = <
          item
            Visible = True
            Memo.Strings = (
              'OFICINA:[OFICINA]')
            DeleteEmptyLinesAtEnd = False
            DeleteEmptyLines = False
            CanResizeX = False
            CanResizeY = False
            hAlign = prhLeft
            vAlign = prvTop
            DefaultFont = False
            WordWrap = False
          end>
        dRec.Left = 1
        dRec.Top = 2
        dRec.Right = 25
        dRec.Bottom = 3
        Visible = False
      end
      object prTxMemoObj5: TprTxMemoObj
        dRec.DefVersion = 0
        dRec.Versions = <
          item
            Visible = True
            Memo.Strings = (
              'ASOCIADO:')
            DeleteEmptyLinesAtEnd = False
            DeleteEmptyLines = False
            CanResizeX = False
            CanResizeY = False
            hAlign = prhLeft
            vAlign = prvTop
            DefaultFont = False
            WordWrap = False
          end>
        dRec.Left = 26
        dRec.Top = 2
        dRec.Right = 35
        dRec.Bottom = 3
        Visible = False
      end
      object prTxMemoObj6: TprTxMemoObj
        dRec.DefVersion = 0
        dRec.Versions = <
          item
            Visible = True
            Memo.Strings = (
              '[iif(AHORRADOR="","","AHORRADOR:")]')
            DeleteEmptyLinesAtEnd = False
            DeleteEmptyLines = False
            CanResizeX = False
            CanResizeY = False
            hAlign = prhLeft
            vAlign = prvTop
            DefaultFont = False
            WordWrap = False
          end>
        dRec.Left = 26
        dRec.Top = 4
        dRec.Right = 36
        dRec.Bottom = 5
        Visible = False
      end
      object prTxMemoObj7: TprTxMemoObj
        dRec.DefVersion = 0
        dRec.Versions = <
          item
            Visible = True
            Memo.Strings = (
              '[ASOCIADO]')
            DeleteEmptyLinesAtEnd = False
            DeleteEmptyLines = False
            CanResizeX = False
            CanResizeY = False
            hAlign = prhLeft
            vAlign = prvTop
            DefaultFont = False
            WordWrap = False
            TxFontOptionsEx = (
              tfoBold
              tfoWide)
          end>
        dRec.Left = 37
        dRec.Top = 2
        dRec.Right = 86
        dRec.Bottom = 3
        Visible = False
      end
      object prTxMemoObj8: TprTxMemoObj
        dRec.DefVersion = 0
        dRec.Versions = <
          item
            Visible = True
            Memo.Strings = (
              '[AHORRADOR]')
            DeleteEmptyLinesAtEnd = False
            DeleteEmptyLines = False
            CanResizeX = False
            CanResizeY = False
            hAlign = prhLeft
            vAlign = prvTop
            DefaultFont = False
            WordWrap = False
            TxFontOptionsEx = (
              tfoBold
              tfoWide)
          end>
        dRec.Left = 37
        dRec.Top = 4
        dRec.Right = 86
        dRec.Bottom = 5
        Visible = False
      end
      object prTxMemoObj9: TprTxMemoObj
        dRec.DefVersion = 0
        dRec.Versions = <
          item
            Visible = True
            Memo.Strings = (
              'Cuenta No.:')
            DeleteEmptyLinesAtEnd = False
            DeleteEmptyLines = False
            CanResizeX = False
            CanResizeY = False
            hAlign = prhLeft
            vAlign = prvTop
            DefaultFont = False
            WordWrap = False
          end>
        dRec.Left = 1
        dRec.Top = 6
        dRec.Right = 12
        dRec.Bottom = 7
        Visible = False
      end
      object prTxMemoObj10: TprTxMemoObj
        dRec.DefVersion = 0
        dRec.Versions = <
          item
            Visible = True
            Memo.Strings = (
              '[CUENTA]')
            DeleteEmptyLinesAtEnd = False
            DeleteEmptyLines = False
            CanResizeX = False
            CanResizeY = False
            hAlign = prhLeft
            vAlign = prvTop
            DefaultFont = False
            WordWrap = False
          end>
        dRec.Left = 13
        dRec.Top = 6
        dRec.Right = 26
        dRec.Bottom = 7
        Visible = False
      end
      object prTxMemoObj11: TprTxMemoObj
        dRec.DefVersion = 0
        dRec.Versions = <
          item
            Visible = True
            Memo.Strings = (
              'AYUDA ENTREGADA:')
            DeleteEmptyLinesAtEnd = False
            DeleteEmptyLines = False
            CanResizeX = False
            CanResizeY = False
            hAlign = prhLeft
            vAlign = prvTop
            DefaultFont = False
            WordWrap = False
          end>
        dRec.Left = 30
        dRec.Top = 6
        dRec.Right = 46
        dRec.Bottom = 7
        Visible = False
      end
      object prTxMemoObj12: TprTxMemoObj
        dRec.DefVersion = 0
        dRec.Versions = <
          item
            Visible = True
            Memo.Strings = (
              '[AYUDA]')
            DeleteEmptyLinesAtEnd = False
            DeleteEmptyLines = False
            CanResizeX = False
            CanResizeY = False
            hAlign = prhLeft
            vAlign = prvTop
            DefaultFont = False
            WordWrap = False
            TxFontOptionsEx = (
              tfoBold)
          end>
        dRec.Left = 47
        dRec.Top = 6
        dRec.Right = 83
        dRec.Bottom = 7
        Visible = False
      end
      object prTxMemoObj13: TprTxMemoObj
        dRec.DefVersion = 0
        dRec.Versions = <
          item
            Visible = True
            Memo.Strings = (
              'VALOR APROBADO:')
            DeleteEmptyLinesAtEnd = False
            DeleteEmptyLines = False
            CanResizeX = False
            CanResizeY = False
            hAlign = prhLeft
            vAlign = prvTop
            DefaultFont = False
            WordWrap = False
          end>
        dRec.Left = 86
        dRec.Top = 6
        dRec.Right = 101
        dRec.Bottom = 7
        Visible = False
      end
      object prTxMemoObj14: TprTxMemoObj
        dRec.DefVersion = 0
        dRec.Versions = <
          item
            Visible = True
            Memo.Strings = (
              '[:<$ #,#0>VALOR]')
            DeleteEmptyLinesAtEnd = False
            DeleteEmptyLines = False
            CanResizeX = False
            CanResizeY = False
            hAlign = prhRight
            vAlign = prvTop
            DefaultFont = False
            WordWrap = False
            TxFontOptionsEx = (
              tfoBold
              tfoWide)
          end>
        dRec.Left = 102
        dRec.Top = 6
        dRec.Right = 115
        dRec.Bottom = 7
        Visible = False
      end
      object prTxMemoObj15: TprTxMemoObj
        dRec.DefVersion = 0
        dRec.Versions = <
          item
            Visible = True
            Memo.Strings = (
              '[:<000000>CONSECUTIVO]')
            DeleteEmptyLinesAtEnd = False
            DeleteEmptyLines = False
            CanResizeX = False
            CanResizeY = False
            hAlign = prhRight
            vAlign = prvTop
            DefaultFont = False
            WordWrap = False
            TxFontOptionsEx = (
              tfoBold
              tfoWide)
          end>
        dRec.Left = 47
        dRec.Top = 0
        dRec.Right = 59
        dRec.Bottom = 1
        Visible = False
      end
      object prTxMemoObj16: TprTxMemoObj
        dRec.DefVersion = 0
        dRec.Versions = <
          item
            Visible = True
            Memo.Strings = (
              'APROBADA POR:')
            DeleteEmptyLinesAtEnd = False
            DeleteEmptyLines = False
            CanResizeX = False
            CanResizeY = False
            hAlign = prhLeft
            vAlign = prvTop
            DefaultFont = False
            WordWrap = False
          end>
        dRec.Left = 67
        dRec.Top = 11
        dRec.Right = 80
        dRec.Bottom = 12
        Visible = False
      end
      object prTxMemoObj17: TprTxMemoObj
        dRec.DefVersion = 0
        dRec.Versions = <
          item
            Visible = True
            Memo.Strings = (
              '[USUARIO]')
            DeleteEmptyLinesAtEnd = False
            DeleteEmptyLines = False
            CanResizeX = False
            CanResizeY = False
            hAlign = prhCenter
            vAlign = prvTop
            DefaultFont = False
            WordWrap = False
          end>
        dRec.Left = 81
        dRec.Top = 11
        dRec.Right = 126
        dRec.Bottom = 12
        Visible = False
      end
      object prTxMemoObj18: TprTxMemoObj
        dRec.DefVersion = 0
        dRec.Versions = <
          item
            Visible = True
            Memo.Strings = (
              '_________________________________________________')
            DeleteEmptyLinesAtEnd = False
            DeleteEmptyLines = False
            CanResizeX = False
            CanResizeY = False
            hAlign = prhLeft
            vAlign = prvTop
            DefaultFont = False
            WordWrap = False
          end>
        dRec.Left = 81
        dRec.Top = 10
        dRec.Right = 126
        dRec.Bottom = 11
        Visible = False
      end
      object prTxMemoObj19: TprTxMemoObj
        dRec.DefVersion = 0
        dRec.Versions = <
          item
            Visible = True
            Memo.Strings = (
              '[iif(AHORRADOR="","",CUENTAJ)]')
            DeleteEmptyLinesAtEnd = False
            DeleteEmptyLines = False
            CanResizeX = False
            CanResizeY = False
            hAlign = prhLeft
            vAlign = prvTop
            DefaultFont = False
            WordWrap = False
          end>
        dRec.Left = 99
        dRec.Top = 4
        dRec.Right = 112
        dRec.Bottom = 5
        Visible = False
      end
      object prTxMemoObj20: TprTxMemoObj
        dRec.DefVersion = 0
        dRec.Versions = <
          item
            Visible = True
            Memo.Strings = (
              '[iif(AHORRADOR="","","Cuenta No:")]')
            DeleteEmptyLinesAtEnd = False
            DeleteEmptyLines = False
            CanResizeX = False
            CanResizeY = False
            hAlign = prhLeft
            vAlign = prvTop
            DefaultFont = False
            WordWrap = False
          end>
        dRec.Left = 87
        dRec.Top = 4
        dRec.Right = 98
        dRec.Bottom = 5
        Visible = False
      end
      object prTxCommandObj1: TprTxCommandObj
        dRec.DefVersion = 0
        dRec.Versions = <
          item
            Visible = True
            TxCommands = (
              txcCondensedOn)
          end>
        dRec.Left = 0
        dRec.Top = 0
        dRec.Right = 1
        dRec.Bottom = 1
        Visible = False
      end
      object prTxCommandObj2: TprTxCommandObj
        dRec.DefVersion = 0
        dRec.Versions = <
          item
            Visible = True
          end>
        dRec.Left = 126
        dRec.Top = 11
        dRec.Right = 127
        dRec.Bottom = 12
        Visible = False
      end
    end
  end
end
