object TprTxReport
  Title = 'InformeRecaudosDiarios'
  Values = <
    item
      Group = prGroup1
      Name = 'prTotalValor'
      AggFunction = prafSum
      Formula = 'IBQuery1.VALOR'
      ResetOn = rvtGroup
      CalcOn = cvtDataSetNext
      DataSetName = 'IBQuery1'
    end>
  Variables = <
    item
      Name = 'EMPRESA'
      ValueType = 'prvvtString'
      Value = ''
    end
    item
      Name = 'DIA'
      ValueType = 'prvvtString'
      Value = ''
    end
    item
      Name = 'CAJA'
      ValueType = 'prvvtString'
      Value = ''
    end
    item
      Name = 'EMPLEADO'
      ValueType = 'prvvtString'
      Value = ''
    end>
  Left = 8
  Top = 56
  SystemInfo = (
    'OS: WIN32_NT 5.1.2600 Service Pack 3'
    ''
    'PageSize: 4096'
    'ActiveProcessorMask: $1000'
    'NumberOfProcessors: 1'
    'ProcessorType: 586'
    ''
    'Compiler version: Delphi6'
    'PReport version: 1.9.4')
  object prTxPage1: TprTxPage
    PageType = tptPage
    LineNum = 60
    ColNum = 80
    object prTxHPageHeaderBand1: TprTxHPageHeaderBand
      Height = 3
      UseVerticalBands = False
      PrintOnFirstPage = True
      object prTxMemoObj2: TprTxMemoObj
        dRec.DefVersion = 0
        dRec.Versions = <
          item
            Visible = True
            Memo.Strings = (
              '[EMPRESA]')
            DeleteEmptyLinesAtEnd = False
            DeleteEmptyLines = False
            CanResizeX = False
            CanResizeY = False
            hAlign = prhLeft
            vAlign = prvCenter
            DefaultFont = False
            WordWrap = False
          end>
        dRec.Left = 0
        dRec.Top = 0
        dRec.Right = 18
        dRec.Bottom = 1
        Visible = False
      end
      object prTxMemoObj3: TprTxMemoObj
        dRec.DefVersion = 0
        dRec.Versions = <
          item
            Visible = True
            Memo.Strings = (
              'INFORME DE RECAUDOS DEL DIA [:<yyyy/MM/dd>DIA]')
            DeleteEmptyLinesAtEnd = False
            DeleteEmptyLines = False
            CanResizeX = False
            CanResizeY = False
            hAlign = prhLeft
            vAlign = prvTop
            DefaultFont = False
            WordWrap = False
          end>
        dRec.Left = 20
        dRec.Top = 0
        dRec.Right = 60
        dRec.Bottom = 1
        Visible = False
      end
      object prTxMemoObj4: TprTxMemoObj
        dRec.DefVersion = 0
        dRec.Versions = <
          item
            Visible = True
            Memo.Strings = (
              'CAJA: [CAJA]')
            DeleteEmptyLinesAtEnd = False
            DeleteEmptyLines = False
            CanResizeX = False
            CanResizeY = False
            hAlign = prhLeft
            vAlign = prvTop
            DefaultFont = False
            WordWrap = False
          end>
        dRec.Left = 0
        dRec.Top = 1
        dRec.Right = 18
        dRec.Bottom = 2
        Visible = False
      end
      object prTxMemoObj11: TprTxMemoObj
        dRec.DefVersion = 0
        dRec.Versions = <
          item
            Visible = True
            Memo.Strings = (
              '[Page]')
            DeleteEmptyLinesAtEnd = False
            DeleteEmptyLines = False
            CanResizeX = False
            CanResizeY = False
            hAlign = prhRight
            vAlign = prvTop
            DefaultFont = False
            WordWrap = False
          end>
        dRec.Left = 71
        dRec.Top = 0
        dRec.Right = 77
        dRec.Bottom = 1
        Visible = False
      end
      object prTxHLineObj1: TprTxHLineObj
        dRec.DefVersion = 0
        dRec.Versions = <
          item
            Visible = True
          end>
        dRec.Left = 0
        dRec.Top = 2
        dRec.Right = 80
        dRec.Bottom = 3
        Visible = False
      end
    end
    object prTxHDetailBand1: TprTxHDetailBand
      Height = 1
      UseVerticalBands = False
      DataSetName = 'IBQuery1'
      ColCount = 1
      ColDirection = prcdTopBottomLeftRight
      Groups = (
        'prGroup1')
      object prTxMemoObj7: TprTxMemoObj
        dRec.DefVersion = 0
        dRec.Versions = <
          item
            Visible = True
            Memo.Strings = (
              '[IBQuery1.DOCUMENTO]')
            DeleteEmptyLinesAtEnd = False
            DeleteEmptyLines = False
            CanResizeX = False
            CanResizeY = False
            hAlign = prhLeft
            vAlign = prvTop
            DefaultFont = False
            WordWrap = False
          end>
        dRec.Left = 0
        dRec.Top = 0
        dRec.Right = 9
        dRec.Bottom = 1
        Visible = False
      end
      object prTxMemoObj8: TprTxMemoObj
        dRec.DefVersion = 0
        dRec.Versions = <
          item
            Visible = True
            Memo.Strings = (
              '[:<#,##0.00>IBQuery1.VALOR]')
            DeleteEmptyLinesAtEnd = False
            DeleteEmptyLines = False
            CanResizeX = False
            CanResizeY = False
            hAlign = prhRight
            vAlign = prvTop
            DefaultFont = False
            WordWrap = False
          end>
        dRec.Left = 30
        dRec.Top = 0
        dRec.Right = 43
        dRec.Bottom = 1
        Visible = False
      end
    end
    object prTxHGroupHeaderBand1: TprTxHGroupHeaderBand
      Height = 3
      UseVerticalBands = False
      Group = prGroup1
      ColCount = 1
      ColDirection = prcdTopBottomLeftRight
      LinkToDetail = True
      StartNewPage = True
      ReprintOnEachPage = True
      object prTxMemoObj1: TprTxMemoObj
        dRec.DefVersion = 0
        dRec.Versions = <
          item
            Visible = True
            Memo.Strings = (
              'RECAUDO: [IBQuery1.DESCRIPCION_RECAUDO]')
            DeleteEmptyLinesAtEnd = False
            DeleteEmptyLines = False
            CanResizeX = False
            CanResizeY = False
            hAlign = prhLeft
            vAlign = prvTop
            DefaultFont = False
            WordWrap = False
          end>
        dRec.Left = 0
        dRec.Top = 0
        dRec.Right = 80
        dRec.Bottom = 1
        Visible = False
      end
      object prTxMemoObj5: TprTxMemoObj
        dRec.DefVersion = 0
        dRec.Versions = <
          item
            Visible = True
            Memo.Strings = (
              'DOCUMENTO')
            DeleteEmptyLinesAtEnd = False
            DeleteEmptyLines = False
            CanResizeX = False
            CanResizeY = False
            hAlign = prhLeft
            vAlign = prvTop
            DefaultFont = False
            WordWrap = False
          end>
        dRec.Left = 0
        dRec.Top = 1
        dRec.Right = 14
        dRec.Bottom = 2
        Visible = False
      end
      object prTxMemoObj6: TprTxMemoObj
        dRec.DefVersion = 0
        dRec.Versions = <
          item
            Visible = True
            Memo.Strings = (
              'VALOR')
            DeleteEmptyLinesAtEnd = False
            DeleteEmptyLines = False
            CanResizeX = False
            CanResizeY = False
            hAlign = prhLeft
            vAlign = prvTop
            DefaultFont = False
            WordWrap = False
          end>
        dRec.Left = 30
        dRec.Top = 1
        dRec.Right = 43
        dRec.Bottom = 2
        Visible = False
      end
      object prTxHLineObj2: TprTxHLineObj
        dRec.DefVersion = 0
        dRec.Versions = <
          item
            Visible = True
          end>
        dRec.Left = 0
        dRec.Top = 2
        dRec.Right = 80
        dRec.Bottom = 3
        Visible = False
      end
    end
    object prTxHGroupFooterBand1: TprTxHGroupFooterBand
      Height = 2
      UseVerticalBands = False
      Group = prGroup1
      ColCount = 1
      ColDirection = prcdTopBottomLeftRight
      LinkToDetail = True
      object prTxMemoObj9: TprTxMemoObj
        dRec.DefVersion = 0
        dRec.Versions = <
          item
            Visible = True
            Memo.Strings = (
              '[:<#,##0.00>prTotalValor]')
            DeleteEmptyLinesAtEnd = False
            DeleteEmptyLines = False
            CanResizeX = False
            CanResizeY = False
            hAlign = prhRight
            vAlign = prvTop
            DefaultFont = False
            WordWrap = False
          end>
        dRec.Left = 29
        dRec.Top = 1
        dRec.Right = 43
        dRec.Bottom = 2
        Visible = False
      end
      object prTxMemoObj10: TprTxMemoObj
        dRec.DefVersion = 0
        dRec.Versions = <
          item
            Visible = True
            Memo.Strings = (
              'TOTAL RECAUDO:')
            DeleteEmptyLinesAtEnd = False
            DeleteEmptyLines = False
            CanResizeX = False
            CanResizeY = False
            hAlign = prhLeft
            vAlign = prvTop
            DefaultFont = False
            WordWrap = False
          end>
        dRec.Left = 0
        dRec.Top = 1
        dRec.Right = 14
        dRec.Bottom = 2
        Visible = False
      end
      object prTxHLineObj3: TprTxHLineObj
        dRec.DefVersion = 0
        dRec.Versions = <
          item
            Visible = True
          end>
        dRec.Left = 0
        dRec.Top = 0
        dRec.Right = 80
        dRec.Bottom = 1
        Visible = False
      end
    end
  end
  object prGroup1: TprGroup
    Valid = 'IBQuery1.ID_RECAUDO'
    DetailBand = prTxHDetailBand1
  end
end
