
SISTEMAS03 (Client)	Wed Sep 24 05:15:06 2008
	INET/inet_error: send errno = 10053


SISTEMAS03 (Client)	Wed Sep 24 05:25:06 2008
	INET/inet_error: send errno = 10053


SISTEMAS03 (Client)	Wed Sep 24 05:35:06 2008
	INET/inet_error: send errno = 10053


SISTEMAS03 (Client)	Wed Sep 24 05:45:06 2008
	INET/inet_error: send errno = 10053


SISTEMAS03 (Client)	Wed Sep 24 05:55:06 2008
	INET/inet_error: send errno = 10053


SISTEMAS03 (Client)	Wed Sep 24 06:05:06 2008
	INET/inet_error: send errno = 10053


SISTEMAS03 (Client)	Wed Sep 24 06:15:06 2008
	INET/inet_error: send errno = 10053


SISTEMAS03 (Client)	Wed Sep 24 06:25:06 2008
	INET/inet_error: send errno = 10053


SISTEMAS03 (Client)	Wed Sep 24 06:35:06 2008
	INET/inet_error: send errno = 10053


SISTEMAS03 (Client)	Wed Sep 24 06:45:06 2008
	INET/inet_error: send errno = 10053


SISTEMAS03 (Client)	Wed Sep 24 06:55:06 2008
	INET/inet_error: send errno = 10053


SISTEMAS03 (Client)	Wed Sep 24 07:05:06 2008
	INET/inet_error: send errno = 10053


SISTEMAS03 (Client)	Wed Sep 24 07:15:06 2008
	INET/inet_error: send errno = 10053


SISTEMAS02 (Client)	Wed Sep 24 07:16:24 2008
	INET/inet_error: send errno = 10053


SISTEMAS03 (Client)	Wed Sep 24 07:25:05 2008
	INET/inet_error: send errno = 10053


SISTEMAS03 (Client)	Wed Sep 24 07:35:05 2008
	INET/inet_error: send errno = 10053


SISTEMAS02 (Client)	Wed Sep 24 07:36:23 2008
	INET/inet_error: send errno = 10053


SISTEMAS03 (Client)	Wed Sep 24 07:42:47 2008
	INET/inet_error: send errno = 10053


SISTEMAS03 (Client)	Wed Sep 24 07:42:47 2008
	INET/inet_error: send errno = 10053


SISTEMAS03 (Client)	Wed Sep 24 07:42:47 2008
	INET/inet_error: send errno = 10053


SISTEMAS03 (Client)	Wed Sep 24 07:43:11 2008
	INET/inet_error: send errno = 10053


SISTEMAS03 (Client)	Wed Sep 24 07:43:11 2008
	INET/inet_error: send errno = 10053


SISTEMAS03 (Client)	Wed Sep 24 07:43:11 2008
	INET/inet_error: send errno = 10053


SISTEMAS03 (Client)	Wed Sep 24 07:43:11 2008
	INET/inet_error: send errno = 10053


SISTEMAS03 (Client)	Wed Sep 24 07:43:11 2008
	INET/inet_error: send errno = 10053


SISTEMAS03 (Client)	Wed Sep 24 07:43:11 2008
	INET/inet_error: send errno = 10053


SISTEMAS03 (Client)	Wed Sep 24 07:43:11 2008
	INET/inet_error: send errno = 10053


SISTEMAS03 (Client)	Wed Sep 24 07:43:11 2008
	INET/inet_error: send errno = 10053


SISTEMAS03 (Client)	Wed Sep 24 07:43:11 2008
	INET/inet_error: send errno = 10053


SISTEMAS03 (Client)	Wed Sep 24 07:43:11 2008
	INET/inet_error: send errno = 10053


SISTEMAS03 (Client)	Wed Sep 24 07:43:11 2008
	INET/inet_error: send errno = 10053


SISTEMAS03 (Client)	Wed Sep 24 07:43:11 2008
	INET/inet_error: send errno = 10053


SISTEMAS03 (Client)	Wed Sep 24 07:43:11 2008
	INET/inet_error: send errno = 10053


SISTEMAS03 (Client)	Wed Sep 24 07:43:11 2008
	INET/inet_error: send errno = 10053


SISTEMAS03 (Client)	Wed Sep 24 07:43:11 2008
	INET/inet_error: send errno = 10053


SISTEMAS03 (Client)	Wed Sep 24 07:43:11 2008
	INET/inet_error: send errno = 10053


SISTEMAS03 (Client)	Wed Sep 24 07:43:11 2008
	INET/inet_error: send errno = 10053


SISTEMAS03 (Client)	Wed Sep 24 07:43:11 2008
	INET/inet_error: send errno = 10053


SISTEMAS03 (Client)	Wed Sep 24 07:43:11 2008
	INET/inet_error: send errno = 10053


SISTEMAS03 (Client)	Wed Sep 24 07:43:11 2008
	INET/inet_error: send errno = 10053


SISTEMAS03 (Client)	Wed Sep 24 07:43:11 2008
	INET/inet_error: send errno = 10053


SISTEMAS03 (Client)	Wed Sep 24 07:43:11 2008
	INET/inet_error: send errno = 10053


SISTEMAS03 (Client)	Wed Sep 24 07:43:11 2008
	INET/inet_error: send errno = 10053


SISTEMAS03 (Client)	Wed Sep 24 07:43:12 2008
	INET/inet_error: send errno = 10053


SISTEMAS03 (Client)	Wed Sep 24 07:43:12 2008
	INET/inet_error: send errno = 10053


SISTEMAS03 (Client)	Wed Sep 24 07:43:12 2008
	INET/inet_error: send errno = 10053


SISTEMAS03 (Client)	Wed Sep 24 07:43:12 2008
	INET/inet_error: send errno = 10053


SISTEMAS03 (Client)	Wed Sep 24 07:43:12 2008
	INET/inet_error: send errno = 10053


SISTEMAS03 (Client)	Wed Sep 24 07:43:12 2008
	INET/inet_error: send errno = 10053


SISTEMAS03 (Client)	Wed Sep 24 07:43:12 2008
	INET/inet_error: send errno = 10053


SISTEMAS03 (Client)	Wed Sep 24 07:43:12 2008
	INET/inet_error: send errno = 10053


SISTEMAS03 (Client)	Wed Sep 24 07:43:12 2008
	INET/inet_error: send errno = 10053


SISTEMAS03 (Client)	Wed Sep 24 07:43:12 2008
	INET/inet_error: send errno = 10053


SISTEMAS03 (Client)	Wed Sep 24 07:43:12 2008
	INET/inet_error: send errno = 10053


SISTEMAS03 (Client)	Wed Sep 24 07:43:12 2008
	INET/inet_error: send errno = 10053


SISTEMAS03 (Client)	Wed Sep 24 07:43:12 2008
	INET/inet_error: send errno = 10053


SISTEMAS03 (Client)	Wed Sep 24 07:43:12 2008
	INET/inet_error: send errno = 10053


SISTEMAS03 (Client)	Wed Sep 24 07:43:12 2008
	INET/inet_error: send errno = 10053


SISTEMAS03 (Client)	Wed Sep 24 07:43:12 2008
	INET/inet_error: send errno = 10053


SISTEMAS03 (Client)	Wed Sep 24 07:43:12 2008
	INET/inet_error: send errno = 10053


SISTEMAS03 (Client)	Wed Sep 24 07:43:12 2008
	INET/inet_error: send errno = 10053


SISTEMAS03 (Client)	Wed Sep 24 07:43:12 2008
	INET/inet_error: send errno = 10053


SISTEMAS03 (Client)	Wed Sep 24 07:43:12 2008
	INET/inet_error: send errno = 10053


SISTEMAS03 (Client)	Wed Sep 24 07:43:12 2008
	INET/inet_error: send errno = 10053


SISTEMAS03 (Client)	Wed Sep 24 07:43:12 2008
	INET/inet_error: send errno = 10053


SISTEMAS03 (Client)	Wed Sep 24 07:43:12 2008
	INET/inet_error: send errno = 10053


SISTEMAS03 (Client)	Wed Sep 24 07:43:12 2008
	INET/inet_error: send errno = 10053


SISTEMAS03 (Client)	Wed Sep 24 07:43:12 2008
	INET/inet_error: send errno = 10053


SISTEMAS03 (Client)	Wed Sep 24 07:43:12 2008
	INET/inet_error: send errno = 10053


SISTEMAS03 (Client)	Wed Sep 24 07:43:12 2008
	INET/inet_error: send errno = 10053


SISTEMAS03 (Client)	Wed Sep 24 07:43:12 2008
	INET/inet_error: send errno = 10053


SISTEMAS03 (Client)	Wed Sep 24 07:43:12 2008
	INET/inet_error: send errno = 10053


SISTEMAS03 (Client)	Wed Sep 24 07:43:12 2008
	INET/inet_error: send errno = 10053


SISTEMAS03 (Client)	Wed Sep 24 07:43:12 2008
	INET/inet_error: send errno = 10053


SISTEMAS03 (Client)	Wed Sep 24 07:43:12 2008
	INET/inet_error: send errno = 10053


SISTEMAS03 (Client)	Wed Sep 24 07:43:12 2008
	INET/inet_error: send errno = 10053


SISTEMAS03 (Client)	Wed Sep 24 07:43:12 2008
	INET/inet_error: send errno = 10053


SISTEMAS03 (Client)	Wed Sep 24 07:43:12 2008
	INET/inet_error: send errno = 10053


SISTEMAS03 (Client)	Wed Sep 24 07:43:12 2008
	INET/inet_error: send errno = 10053


SISTEMAS03 (Client)	Wed Sep 24 07:43:17 2008
	INET/inet_error: send errno = 10053


SISTEMAS03 (Client)	Wed Sep 24 07:43:17 2008
	INET/inet_error: send errno = 10053


SISTEMAS03 (Client)	Wed Sep 24 07:43:19 2008
	INET/inet_error: send errno = 10053


SISTEMAS03 (Client)	Wed Sep 24 07:43:19 2008
	INET/inet_error: send errno = 10053


SISTEMAS03 (Client)	Wed Sep 24 07:43:19 2008
	INET/inet_error: send errno = 10053


SISTEMAS03 (Client)	Wed Sep 24 07:43:19 2008
	INET/inet_error: send errno = 10053


SISTEMAS03 (Client)	Wed Sep 24 07:43:19 2008
	INET/inet_error: send errno = 10053


SISTEMAS03 (Client)	Wed Sep 24 07:43:19 2008
	INET/inet_error: send errno = 10053


SISTEMAS03 (Client)	Wed Sep 24 07:43:19 2008
	INET/inet_error: send errno = 10053


SISTEMAS03 (Client)	Wed Sep 24 07:43:19 2008
	INET/inet_error: send errno = 10053


SISTEMAS03 (Client)	Wed Sep 24 07:43:19 2008
	INET/inet_error: send errno = 10053


SISTEMAS03 (Client)	Wed Sep 24 07:43:19 2008
	INET/inet_error: send errno = 10053


SISTEMAS03 (Client)	Wed Sep 24 07:43:19 2008
	INET/inet_error: send errno = 10053


SISTEMAS03 (Client)	Wed Sep 24 07:43:19 2008
	INET/inet_error: send errno = 10053


SISTEMAS03 (Client)	Wed Sep 24 07:43:19 2008
	INET/inet_error: send errno = 10053


SISTEMAS03 (Client)	Wed Sep 24 07:43:19 2008
	INET/inet_error: send errno = 10053


SISTEMAS03 (Client)	Wed Sep 24 07:43:19 2008
	INET/inet_error: send errno = 10053


SISTEMAS03 (Client)	Wed Sep 24 07:43:19 2008
	INET/inet_error: send errno = 10053


SISTEMAS03 (Client)	Wed Sep 24 07:43:20 2008
	INET/inet_error: send errno = 10053


SISTEMAS03 (Client)	Wed Sep 24 07:43:20 2008
	INET/inet_error: send errno = 10053


SISTEMAS03 (Client)	Wed Sep 24 07:43:20 2008
	INET/inet_error: send errno = 10053


SISTEMAS03 (Client)	Wed Sep 24 07:43:20 2008
	INET/inet_error: send errno = 10053


SISTEMAS03 (Client)	Wed Sep 24 07:43:20 2008
	INET/inet_error: send errno = 10053


SISTEMAS03 (Client)	Wed Sep 24 07:44:02 2008
	INET/inet_error: send errno = 10053


SISTEMAS03 (Client)	Wed Sep 24 07:44:02 2008
	INET/inet_error: send errno = 10053


SISTEMAS03 (Client)	Wed Sep 24 07:44:02 2008
	INET/inet_error: send errno = 10053


SISTEMAS03 (Client)	Wed Sep 24 07:44:03 2008
	INET/inet_error: send errno = 10053


SISTEMAS03 (Client)	Wed Sep 24 07:44:03 2008
	INET/inet_error: send errno = 10053


SISTEMAS03 (Client)	Wed Sep 24 07:44:03 2008
	INET/inet_error: send errno = 10053


SISTEMAS03 (Client)	Wed Sep 24 07:44:03 2008
	INET/inet_error: send errno = 10053


SISTEMAS03 (Client)	Wed Sep 24 07:44:03 2008
	INET/inet_error: send errno = 10053


SISTEMAS03 (Client)	Wed Sep 24 07:44:03 2008
	INET/inet_error: send errno = 10053


SISTEMAS03 (Client)	Wed Sep 24 07:44:03 2008
	INET/inet_error: send errno = 10053


SISTEMAS03 (Client)	Wed Sep 24 07:44:03 2008
	INET/inet_error: send errno = 10053


SISTEMAS03 (Client)	Wed Sep 24 07:44:03 2008
	INET/inet_error: send errno = 10053


SISTEMAS03 (Client)	Wed Sep 24 07:44:03 2008
	INET/inet_error: send errno = 10053


SISTEMAS03 (Client)	Wed Sep 24 07:44:03 2008
	INET/inet_error: send errno = 10053


SISTEMAS03 (Client)	Wed Sep 24 07:44:03 2008
	INET/inet_error: send errno = 10053


SISTEMAS03 (Client)	Wed Sep 24 07:44:03 2008
	INET/inet_error: send errno = 10053


SISTEMAS03 (Client)	Wed Sep 24 07:44:03 2008
	INET/inet_error: send errno = 10053


SISTEMAS03 (Client)	Wed Sep 24 07:44:03 2008
	INET/inet_error: send errno = 10053


SISTEMAS03 (Client)	Wed Sep 24 07:44:03 2008
	INET/inet_error: send errno = 10053


SISTEMAS03 (Client)	Wed Sep 24 07:44:03 2008
	INET/inet_error: send errno = 10053


SISTEMAS03 (Client)	Wed Sep 24 07:44:03 2008
	INET/inet_error: send errno = 10053


SISTEMAS03 (Client)	Wed Sep 24 07:44:03 2008
	INET/inet_error: send errno = 10053


SISTEMAS03 (Client)	Wed Sep 24 07:44:03 2008
	INET/inet_error: send errno = 10053


SISTEMAS03 (Client)	Wed Sep 24 07:44:03 2008
	INET/inet_error: send errno = 10053


SISTEMAS03 (Client)	Wed Sep 24 07:44:03 2008
	INET/inet_error: send errno = 10053


SISTEMAS03 (Client)	Wed Sep 24 07:44:03 2008
	INET/inet_error: send errno = 10053


SISTEMAS03 (Client)	Wed Sep 24 07:44:04 2008
	INET/inet_error: send errno = 10053


SISTEMAS03 (Client)	Wed Sep 24 07:44:04 2008
	INET/inet_error: send errno = 10053


SISTEMAS03 (Client)	Wed Sep 24 07:44:04 2008
	INET/inet_error: send errno = 10053


SISTEMAS02 (Client)	Wed Sep 24 07:46:23 2008
	INET/inet_error: send errno = 10053


SISTEMAS02 (Client)	Wed Sep 24 07:56:23 2008
	INET/inet_error: send errno = 10053


SISTEMAS02 (Client)	Wed Sep 24 08:06:23 2008
	INET/inet_error: send errno = 10053


SISTEMAS02 (Client)	Wed Sep 24 08:16:23 2008
	INET/inet_error: send errno = 10053


SISTEMAS03 (Client)	Wed Oct 01 05:10:42 2008
	INET/inet_error: send errno = 10053


SISTEMAS03 (Client)	Wed Oct 01 05:20:42 2008
	INET/inet_error: send errno = 10053


SISTEMAS03 (Client)	Wed Oct 01 05:30:42 2008
	INET/inet_error: send errno = 10053


SISTEMAS03 (Client)	Wed Oct 01 05:40:42 2008
	INET/inet_error: send errno = 10053


SISTEMAS03 (Client)	Wed Oct 01 05:50:42 2008
	INET/inet_error: send errno = 10053


SISTEMAS03 (Client)	Wed Oct 01 06:00:42 2008
	INET/inet_error: send errno = 10053


SISTEMAS03 (Client)	Wed Oct 01 06:10:42 2008
	INET/inet_error: send errno = 10053


SISTEMAS03 (Client)	Wed Oct 01 06:20:42 2008
	INET/inet_error: send errno = 10053


SISTEMAS03 (Client)	Wed Oct 01 06:30:42 2008
	INET/inet_error: send errno = 10053


SISTEMAS03 (Client)	Wed Oct 01 06:40:42 2008
	INET/inet_error: send errno = 10053


SISTEMAS03 (Client)	Wed Oct 01 06:50:42 2008
	INET/inet_error: send errno = 10053


SISTEMAS03 (Client)	Wed Oct 01 07:00:42 2008
	INET/inet_error: send errno = 10053


SISTEMAS03 (Client)	Wed Oct 01 07:10:42 2008
	INET/inet_error: send errno = 10053


SISTEMAS03 (Client)	Wed Oct 01 07:20:42 2008
	INET/inet_error: send errno = 10053


SISTEMAS03 (Client)	Wed Oct 01 07:30:42 2008
	INET/inet_error: send errno = 10053


SISTEMAS03 (Client)	Wed Oct 01 07:40:42 2008
	INET/inet_error: send errno = 10053


SISTEMAS03 (Client)	Wed Oct 01 07:44:06 2008
	INET/inet_error: send errno = 10053


SISTEMAS03 (Client)	Wed Oct 01 07:44:06 2008
	INET/inet_error: send errno = 10053


SISTEMAS03 (Client)	Wed Oct 01 07:44:06 2008
	INET/inet_error: send errno = 10053


SISTEMAS03 (Client)	Wed Oct 01 07:44:07 2008
	INET/inet_error: send errno = 10053


SISTEMAS03 (Client)	Wed Oct 01 07:44:07 2008
	INET/inet_error: send errno = 10053


SISTEMAS03 (Client)	Wed Oct 01 07:44:07 2008
	INET/inet_error: send errno = 10053


SISTEMAS03 (Client)	Wed Oct 01 07:44:07 2008
	INET/inet_error: send errno = 10053


SISTEMAS03 (Client)	Wed Oct 01 07:44:07 2008
	INET/inet_error: send errno = 10053


SISTEMAS03 (Client)	Wed Oct 01 07:44:07 2008
	INET/inet_error: send errno = 10053


SISTEMAS03 (Client)	Wed Oct 01 07:44:07 2008
	INET/inet_error: send errno = 10053


SISTEMAS03 (Client)	Wed Oct 01 07:44:07 2008
	INET/inet_error: send errno = 10053


SISTEMAS03 (Client)	Wed Oct 01 07:44:07 2008
	INET/inet_error: send errno = 10053


SISTEMAS03 (Client)	Wed Oct 01 07:44:07 2008
	INET/inet_error: send errno = 10053


SISTEMAS03 (Client)	Wed Oct 01 07:44:07 2008
	INET/inet_error: send errno = 10053


SISTEMAS03 (Client)	Wed Oct 01 07:44:07 2008
	INET/inet_error: send errno = 10053


SISTEMAS03 (Client)	Wed Oct 01 07:44:07 2008
	INET/inet_error: send errno = 10053


SISTEMAS03 (Client)	Wed Oct 01 07:44:07 2008
	INET/inet_error: send errno = 10053


SISTEMAS03 (Client)	Wed Oct 01 07:44:07 2008
	INET/inet_error: send errno = 10053


SISTEMAS03 (Client)	Wed Oct 01 07:44:07 2008
	INET/inet_error: send errno = 10053


SISTEMAS03 (Client)	Wed Oct 01 07:44:07 2008
	INET/inet_error: send errno = 10053


SISTEMAS03 (Client)	Wed Oct 01 07:44:07 2008
	INET/inet_error: send errno = 10053


SISTEMAS03 (Client)	Wed Oct 01 07:44:07 2008
	INET/inet_error: send errno = 10053


SISTEMAS03 (Client)	Wed Oct 01 07:44:07 2008
	INET/inet_error: send errno = 10053


SISTEMAS03 (Client)	Wed Oct 01 07:44:07 2008
	INET/inet_error: send errno = 10053


SISTEMAS03 (Client)	Wed Oct 01 07:44:08 2008
	INET/inet_error: send errno = 10053


SISTEMAS03 (Client)	Wed Oct 01 07:44:08 2008
	INET/inet_error: send errno = 10053


SISTEMAS03 (Client)	Wed Oct 01 07:44:08 2008
	INET/inet_error: send errno = 10053


SISTEMAS03 (Client)	Wed Oct 01 07:44:08 2008
	INET/inet_error: send errno = 10053


SISTEMAS03 (Client)	Wed Oct 01 07:44:08 2008
	INET/inet_error: send errno = 10053


SISTEMAS03 (Client)	Wed Oct 01 07:44:08 2008
	INET/inet_error: send errno = 10053


SISTEMAS03 (Client)	Wed Oct 01 07:44:08 2008
	INET/inet_error: send errno = 10053


SISTEMAS03 (Client)	Wed Oct 01 07:44:08 2008
	INET/inet_error: send errno = 10053


SISTEMAS03 (Client)	Wed Oct 01 07:44:26 2008
	INET/inet_error: send errno = 10053


SISTEMAS03 (Client)	Wed Oct 01 07:44:26 2008
	INET/inet_error: send errno = 10053


SISTEMAS03 (Client)	Wed Oct 01 07:44:27 2008
	INET/inet_error: send errno = 10053


SISTEMAS03 (Client)	Wed Oct 01 07:44:27 2008
	INET/inet_error: send errno = 10053


SISTEMAS03 (Client)	Wed Oct 01 07:44:27 2008
	INET/inet_error: send errno = 10053


SISTEMAS03 (Client)	Wed Oct 01 07:44:27 2008
	INET/inet_error: send errno = 10053


SISTEMAS03 (Client)	Wed Oct 01 07:44:27 2008
	INET/inet_error: send errno = 10053


SISTEMAS03 (Client)	Wed Oct 01 07:44:27 2008
	INET/inet_error: send errno = 10053


SISTEMAS03 (Client)	Wed Oct 01 07:44:27 2008
	INET/inet_error: send errno = 10053


SISTEMAS03 (Client)	Wed Oct 01 07:44:27 2008
	INET/inet_error: send errno = 10053


SISTEMAS03 (Client)	Wed Oct 01 07:44:27 2008
	INET/inet_error: send errno = 10053


SISTEMAS03 (Client)	Wed Oct 01 07:44:27 2008
	INET/inet_error: send errno = 10053


SISTEMAS03 (Client)	Wed Oct 01 07:44:27 2008
	INET/inet_error: send errno = 10053


SISTEMAS03 (Client)	Wed Oct 01 07:44:27 2008
	INET/inet_error: send errno = 10053


SISTEMAS03 (Client)	Wed Oct 01 07:44:27 2008
	INET/inet_error: send errno = 10053


SISTEMAS03 (Client)	Wed Oct 01 07:44:27 2008
	INET/inet_error: send errno = 10053


SISTEMAS03 (Client)	Wed Oct 01 07:44:27 2008
	INET/inet_error: send errno = 10053


SISTEMAS03 (Client)	Wed Oct 01 07:44:27 2008
	INET/inet_error: send errno = 10053


SISTEMAS03 (Client)	Wed Oct 01 07:44:27 2008
	INET/inet_error: send errno = 10053


SISTEMAS03 (Client)	Wed Oct 01 07:44:27 2008
	INET/inet_error: send errno = 10053


SISTEMAS03 (Client)	Wed Oct 01 07:44:27 2008
	INET/inet_error: send errno = 10053


SISTEMAS03 (Client)	Wed Oct 01 07:44:27 2008
	INET/inet_error: send errno = 10053


SISTEMAS03 (Client)	Wed Oct 01 07:44:27 2008
	INET/inet_error: send errno = 10053


SISTEMAS03 (Client)	Wed Oct 01 07:44:27 2008
	INET/inet_error: send errno = 10053


SISTEMAS03 (Client)	Wed Oct 01 07:44:27 2008
	INET/inet_error: send errno = 10053


SISTEMAS03 (Client)	Wed Oct 01 07:44:27 2008
	INET/inet_error: send errno = 10053


SISTEMAS03 (Client)	Wed Oct 01 07:44:27 2008
	INET/inet_error: send errno = 10053


SISTEMAS03 (Client)	Wed Oct 01 07:44:28 2008
	INET/inet_error: send errno = 10053


SISTEMAS03 (Client)	Wed Oct 01 07:44:28 2008
	INET/inet_error: send errno = 10053


SISTEMAS03 (Client)	Wed Oct 01 07:44:28 2008
	INET/inet_error: send errno = 10053


SISTEMAS03 (Client)	Wed Oct 01 07:44:28 2008
	INET/inet_error: send errno = 10053


SISTEMAS03 (Client)	Wed Oct 01 07:44:28 2008
	INET/inet_error: send errno = 10053


SISTEMAS03 (Client)	Wed Oct 01 07:44:28 2008
	INET/inet_error: send errno = 10053


SISTEMAS03 (Client)	Wed Oct 01 07:44:28 2008
	INET/inet_error: send errno = 10053


SISTEMAS03 (Client)	Wed Oct 01 07:44:28 2008
	INET/inet_error: send errno = 10053


SISTEMAS03 (Client)	Wed Oct 01 07:44:28 2008
	INET/inet_error: send errno = 10053


SISTEMAS03 (Client)	Wed Oct 01 07:44:28 2008
	INET/inet_error: send errno = 10053


SISTEMAS03 (Client)	Wed Oct 01 07:44:28 2008
	INET/inet_error: send errno = 10053


SISTEMAS03 (Client)	Wed Oct 01 07:44:28 2008
	INET/inet_error: send errno = 10053


SISTEMAS03 (Client)	Wed Oct 01 07:44:28 2008
	INET/inet_error: send errno = 10053


SISTEMAS03 (Client)	Wed Oct 01 07:44:28 2008
	INET/inet_error: send errno = 10053


SISTEMAS03 (Client)	Wed Oct 01 07:44:28 2008
	INET/inet_error: send errno = 10053


SISTEMAS03 (Client)	Wed Oct 01 07:44:28 2008
	INET/inet_error: send errno = 10053


SISTEMAS03 (Client)	Wed Oct 01 07:44:28 2008
	INET/inet_error: send errno = 10053


SISTEMAS03 (Client)	Wed Oct 01 07:44:28 2008
	INET/inet_error: send errno = 10053


SISTEMAS03 (Client)	Wed Oct 01 07:44:28 2008
	INET/inet_error: send errno = 10053


SISTEMAS03 (Client)	Wed Oct 01 07:44:28 2008
	INET/inet_error: send errno = 10053


SISTEMAS03 (Client)	Wed Oct 01 07:44:28 2008
	INET/inet_error: send errno = 10053


SISTEMAS03 (Client)	Wed Oct 01 07:44:28 2008
	INET/inet_error: send errno = 10053


SISTEMAS03 (Client)	Wed Oct 01 07:44:28 2008
	INET/inet_error: send errno = 10053


SISTEMAS02 (Client)	Fri Oct 03 05:10:17 2008
	INET/inet_error: send errno = 10053


SISTEMAS02 (Client)	Fri Oct 03 05:20:17 2008
	INET/inet_error: send errno = 10053


SISTEMAS02 (Client)	Fri Oct 03 05:30:17 2008
	INET/inet_error: send errno = 10053


SISTEMAS02 (Client)	Fri Oct 03 05:40:16 2008
	INET/inet_error: send errno = 10053


SISTEMAS02 (Client)	Fri Oct 03 05:50:16 2008
	INET/inet_error: send errno = 10053


SISTEMAS02 (Client)	Fri Oct 03 06:00:16 2008
	INET/inet_error: send errno = 10053


SISTEMAS02 (Client)	Fri Oct 03 06:10:16 2008
	INET/inet_error: send errno = 10053


SISTEMAS02 (Client)	Fri Oct 03 06:20:16 2008
	INET/inet_error: send errno = 10053


SISTEMAS02 (Client)	Fri Oct 03 06:30:16 2008
	INET/inet_error: send errno = 10053


SISTEMAS02 (Client)	Fri Oct 03 06:40:16 2008
	INET/inet_error: send errno = 10053


SISTEMAS02 (Client)	Fri Oct 03 06:50:16 2008
	INET/inet_error: send errno = 10053


SISTEMAS02 (Client)	Fri Oct 03 07:00:16 2008
	INET/inet_error: send errno = 10053


SISTEMAS02 (Client)	Fri Oct 03 07:10:16 2008
	INET/inet_error: send errno = 10053


SISTEMAS02 (Client)	Fri Oct 03 07:20:16 2008
	INET/inet_error: send errno = 10053


SISTEMAS02 (Client)	Fri Oct 03 07:30:16 2008
	INET/inet_error: send errno = 10053


SISTEMAS02 (Client)	Fri Oct 03 07:40:16 2008
	INET/inet_error: send errno = 10053


SISTEMAS02 (Client)	Fri Oct 03 07:50:16 2008
	INET/inet_error: send errno = 10053


SISTEMAS02 (Client)	Thu Nov 06 05:17:00 2008
	INET/inet_error: send errno = 10053


SISTEMAS02 (Client)	Thu Nov 06 05:27:00 2008
	INET/inet_error: send errno = 10053


SISTEMAS02 (Client)	Thu Nov 06 05:37:00 2008
	INET/inet_error: send errno = 10053


SISTEMAS02 (Client)	Thu Nov 06 05:47:00 2008
	INET/inet_error: send errno = 10053


SISTEMAS02 (Client)	Thu Nov 06 05:57:00 2008
	INET/inet_error: send errno = 10053


SISTEMAS02 (Client)	Thu Nov 06 06:07:00 2008
	INET/inet_error: send errno = 10053


SISTEMAS02 (Client)	Thu Nov 06 06:17:00 2008
	INET/inet_error: send errno = 10053


SISTEMAS02 (Client)	Thu Nov 06 06:27:00 2008
	INET/inet_error: send errno = 10053


SISTEMAS02 (Client)	Thu Nov 06 06:37:00 2008
	INET/inet_error: send errno = 10053


SISTEMAS02 (Client)	Thu Nov 06 06:47:00 2008
	INET/inet_error: send errno = 10053


SISTEMAS02 (Client)	Thu Nov 06 06:57:00 2008
	INET/inet_error: send errno = 10053


SISTEMAS02 (Client)	Thu Nov 06 07:07:00 2008
	INET/inet_error: send errno = 10053


SISTEMAS02 (Client)	Thu Nov 06 07:17:00 2008
	INET/inet_error: send errno = 10053


SISTEMAS02 (Client)	Thu Nov 06 07:27:00 2008
	INET/inet_error: send errno = 10053


SISTEMAS02 (Client)	Thu Nov 06 07:37:00 2008
	INET/inet_error: send errno = 10053


SISTEMAS02 (Client)	Thu Nov 06 07:47:00 2008
	INET/inet_error: send errno = 10053


SISTEMAS02 (Client)	Sat Nov 08 05:16:21 2008
	INET/inet_error: send errno = 10053


SISTEMAS02 (Client)	Sat Nov 08 05:26:21 2008
	INET/inet_error: send errno = 10053


SISTEMAS02 (Client)	Sat Nov 08 05:36:21 2008
	INET/inet_error: send errno = 10053


SISTEMAS02 (Client)	Sat Nov 08 05:46:21 2008
	INET/inet_error: send errno = 10053


SISTEMAS02 (Client)	Sat Nov 08 05:56:21 2008
	INET/inet_error: send errno = 10053


SISTEMAS02 (Client)	Sat Nov 08 06:06:21 2008
	INET/inet_error: send errno = 10053


SISTEMAS02 (Client)	Sat Nov 08 06:16:21 2008
	INET/inet_error: send errno = 10053


SISTEMAS02 (Client)	Sat Nov 08 06:26:20 2008
	INET/inet_error: send errno = 10053


SISTEMAS02 (Client)	Sat Nov 08 06:36:20 2008
	INET/inet_error: send errno = 10053


SISTEMAS02 (Client)	Sat Nov 08 06:46:20 2008
	INET/inet_error: send errno = 10053


SISTEMAS02 (Client)	Sat Nov 08 06:56:20 2008
	INET/inet_error: send errno = 10053


SISTEMAS02 (Client)	Sat Nov 08 07:06:20 2008
	INET/inet_error: send errno = 10053


SISTEMAS02 (Client)	Sat Nov 08 07:16:20 2008
	INET/inet_error: send errno = 10053


SISTEMAS02 (Client)	Sat Nov 08 07:26:20 2008
	INET/inet_error: send errno = 10053


SISTEMAS02 (Client)	Sat Nov 08 07:36:20 2008
	INET/inet_error: send errno = 10053


SISTEMAS02 (Client)	Sat Nov 08 07:46:20 2008
	INET/inet_error: send errno = 10053


SISTEMAS02 (Client)	Sat Nov 08 07:56:20 2008
	INET/inet_error: send errno = 10053


SISTEMAS02 (Client)	Sat Nov 08 08:01:06 2008
	INET/inet_error: send errno = 10053


SISTEMAS02 (Client)	Sat Nov 08 08:01:06 2008
	INET/inet_error: send errno = 10053


SISTEMAS02 (Client)	Sat Nov 08 08:01:21 2008
	INET/inet_error: send errno = 10053


SISTEMAS02 (Client)	Sat Nov 08 08:01:22 2008
	INET/inet_error: send errno = 10053


SISTEMAS02 (Client)	Sat Nov 08 08:01:22 2008
	INET/inet_error: send errno = 10053


SISTEMAS02 (Client)	Sat Nov 08 08:01:22 2008
	INET/inet_error: send errno = 10053


SISTEMAS02 (Client)	Sat Nov 08 08:01:22 2008
	INET/inet_error: send errno = 10053


SISTEMAS02 (Client)	Sat Nov 08 08:01:22 2008
	INET/inet_error: send errno = 10053


SISTEMAS02 (Client)	Sat Nov 08 08:01:22 2008
	INET/inet_error: send errno = 10053


SISTEMAS02 (Client)	Sat Nov 08 08:01:22 2008
	INET/inet_error: send errno = 10053


SISTEMAS02 (Client)	Sat Nov 08 08:01:22 2008
	INET/inet_error: send errno = 10053


SISTEMAS02 (Client)	Sat Nov 08 08:01:22 2008
	INET/inet_error: send errno = 10053


SISTEMAS02 (Client)	Sat Nov 08 08:01:22 2008
	INET/inet_error: send errno = 10053


SISTEMAS02 (Client)	Sat Nov 08 08:01:22 2008
	INET/inet_error: send errno = 10053


SISTEMAS02 (Client)	Sat Nov 08 08:01:22 2008
	INET/inet_error: send errno = 10053


SISTEMAS02 (Client)	Sat Nov 08 08:01:22 2008
	INET/inet_error: send errno = 10053


SISTEMAS02 (Client)	Sat Nov 08 08:01:22 2008
	INET/inet_error: send errno = 10053


SISTEMAS02 (Client)	Sat Nov 08 08:01:22 2008
	INET/inet_error: send errno = 10053


SISTEMAS02 (Client)	Sat Nov 08 08:01:22 2008
	INET/inet_error: send errno = 10053


SISTEMAS02 (Client)	Sat Nov 08 08:01:22 2008
	INET/inet_error: send errno = 10053


SISTEMAS02 (Client)	Sat Nov 08 08:01:22 2008
	INET/inet_error: send errno = 10053


SISTEMAS02 (Client)	Sat Nov 08 08:01:22 2008
	INET/inet_error: send errno = 10053


SISTEMAS02 (Client)	Sat Nov 08 08:01:22 2008
	INET/inet_error: send errno = 10053


SISTEMAS02 (Client)	Sat Nov 08 08:01:22 2008
	INET/inet_error: send errno = 10053


SISTEMAS02 (Client)	Sat Nov 08 08:01:22 2008
	INET/inet_error: send errno = 10053


SISTEMAS02 (Client)	Sat Nov 08 08:01:22 2008
	INET/inet_error: send errno = 10053


SISTEMAS02 (Client)	Sat Nov 08 08:01:22 2008
	INET/inet_error: send errno = 10053

SISTEMASDES (Client)	Thu Nov 27 09:23:22 2008
	INET/inet_error: read errno = 10054


SISTEMAS02 (Client)	Thu Jan 15 05:10:21 2009
	INET/inet_error: send errno = 10053


SISTEMAS02 (Client)	Thu Jan 15 05:20:21 2009
	INET/inet_error: send errno = 10053


SISTEMAS02 (Client)	Thu Jan 15 05:30:21 2009
	INET/inet_error: send errno = 10053


SISTEMAS02 (Client)	Thu Jan 15 05:40:21 2009
	INET/inet_error: send errno = 10053


SISTEMAS02 (Client)	Thu Jan 15 05:50:21 2009
	INET/inet_error: send errno = 10053


SISTEMAS02 (Client)	Thu Jan 15 06:00:21 2009
	INET/inet_error: send errno = 10053


SISTEMAS02 (Client)	Thu Jan 15 06:10:21 2009
	INET/inet_error: send errno = 10053


SISTEMAS02 (Client)	Thu Jan 15 06:20:21 2009
	INET/inet_error: send errno = 10053


SISTEMAS02 (Client)	Thu Jan 15 06:30:21 2009
	INET/inet_error: send errno = 10053


SISTEMAS02 (Client)	Thu Jan 15 06:40:21 2009
	INET/inet_error: send errno = 10053


SISTEMAS02 (Client)	Thu Jan 15 06:50:21 2009
	INET/inet_error: send errno = 10053


SISTEMAS02 (Client)	Thu Jan 15 07:00:21 2009
	INET/inet_error: send errno = 10053


SISTEMAS02 (Client)	Thu Jan 15 07:10:21 2009
	INET/inet_error: send errno = 10053


SISTEMAS02 (Client)	Thu Jan 15 07:20:21 2009
	INET/inet_error: send errno = 10053


SISTEMAS02 (Client)	Thu Jan 15 07:30:21 2009
	INET/inet_error: send errno = 10053


SISTEMAS02 (Client)	Thu Jan 15 07:40:21 2009
	INET/inet_error: send errno = 10053


SISTEMAS02 (Client)	Thu Jan 15 07:50:21 2009
	INET/inet_error: send errno = 10053


SISTEMASDES (Client)	Fri Mar 27 17:52:07 2009
	INET/inet_error: connect errno = 10061


SISTEMASDES (Client)	Fri Mar 27 17:52:10 2009
	INET/inet_error: connect errno = 10061


SISTEMASDES (Client)	Fri Mar 27 17:52:58 2009
	INET/inet_error: connect errno = 10061


SISTEMASDES (Client)	Fri Mar 27 17:53:01 2009
	INET/inet_error: connect errno = 10061


SISTEMASDES (Client)	Fri Mar 27 17:54:01 2009
	INET/inet_error: connect errno = 10061


SISTEMASDES (Client)	Fri Mar 27 17:54:04 2009
	INET/inet_error: connect errno = 10061


SISTEMASDES (Client)	Fri Mar 27 17:54:41 2009
	INET/inet_error: connect errno = 10061


SISTEMASDES (Client)	Fri Mar 27 17:54:44 2009
	INET/inet_error: connect errno = 10061


SISTEMASDES (Client)	Fri Mar 27 17:56:01 2009
	INET/inet_error: connect errno = 10061


SISTEMASDES (Client)	Fri Mar 27 17:56:04 2009
	INET/inet_error: connect errno = 10061


SISTEMASDES (Client)	Fri Mar 27 17:57:05 2009
	INET/inet_error: connect errno = 10061


SISTEMASDES (Client)	Fri Mar 27 17:57:08 2009
	INET/inet_error: connect errno = 10061


SISTEMAS02 (Client)	Fri Apr 03 05:18:54 2009
	INET/inet_error: send errno = 10053


SISTEMAS02 (Client)	Fri Apr 03 05:28:54 2009
	INET/inet_error: send errno = 10053


SISTEMAS02 (Client)	Fri Apr 03 05:38:54 2009
	INET/inet_error: send errno = 10053


SISTEMAS02 (Client)	Fri Apr 03 05:48:54 2009
	INET/inet_error: send errno = 10053


SISTEMAS02 (Client)	Fri Apr 03 05:58:54 2009
	INET/inet_error: send errno = 10053


SISTEMAS02 (Client)	Fri Apr 03 06:08:54 2009
	INET/inet_error: send errno = 10053


SISTEMAS02 (Client)	Fri Apr 03 06:18:54 2009
	INET/inet_error: send errno = 10053


SISTEMAS02 (Client)	Fri Apr 03 06:28:54 2009
	INET/inet_error: send errno = 10053


SISTEMAS02 (Client)	Fri Apr 03 06:38:54 2009
	INET/inet_error: send errno = 10053


SISTEMAS02 (Client)	Fri Apr 03 06:48:54 2009
	INET/inet_error: send errno = 10053


SISTEMAS02 (Client)	Fri Apr 03 06:58:54 2009
	INET/inet_error: send errno = 10053


SISTEMAS02 (Client)	Fri Apr 03 07:08:54 2009
	INET/inet_error: send errno = 10053


SISTEMAS02 (Client)	Fri Apr 03 07:18:54 2009
	INET/inet_error: send errno = 10053


SISTEMAS02 (Client)	Fri Apr 03 07:28:54 2009
	INET/inet_error: send errno = 10053


SISTEMAS02 (Client)	Fri Apr 03 07:38:54 2009
	INET/inet_error: send errno = 10053


SISTEMAS02 (Client)	Fri Apr 03 07:48:54 2009
	INET/inet_error: send errno = 10053

4B7D32D7ECAF487 (Client)	Tue Jan 05 09:20:19 2010
	INET/inet_error: connect errno = 10061

4B7D32D7ECAF487 (Client)	Tue Jan 05 09:20:22 2010
	INET/inet_error: connect errno = 10061

4B7D32D7ECAF487 (Client)	Fri Jan 29 16:27:18 2010
	INET/inet_error: read errno = 10054

4B7D32D7ECAF487 (Client)	Fri Jan 29 16:27:18 2010
	INET/inet_error: send errno = 10054

4B7D32D7ECAF487 (Client)	Fri Jan 29 16:27:40 2010
	INET/inet_error: send errno = 10054

4B7D32D7ECAF487 (Client)	Thu May 19 08:54:38 2011
	INET/inet_error: connect errno = 10061

4B7D32D7ECAF487 (Client)	Thu May 19 08:54:41 2011
	INET/inet_error: connect errno = 10061


TRABAJO (Client)	Sat Aug 31 18:54:07 2019
	INET/inet_error: connect errno = 10060


TRABAJO (Client)	Sat Aug 31 18:54:31 2019
	INET/inet_error: connect errno = 10060

