object TprReport
  Values = <>
  Variables = <
    item
      Name = 'EMPRESA'
      ValueType = 'prvvtString'
      Value = 'CREDISERVIR LTDA'
    end>
  PrinterName = 'EPSON FX-1180+ ESC/P'
  PreviewParams.Options = []
  PreviewParams.ShowToolbars = [prptPreviewCommon]
  Left = 336
  Top = 54
  SystemInfo = (
    'OS: WIN32_NT 5.1.2600 Service Pack 1'
    ''
    'PageSize: 4096'
    'ActiveProcessorMask: $1000'
    'NumberOfProcessors: 1'
    'ProcessorType: 586'
    ''
    'Compiler version: Delphi6'
    'PReport version: 1.9.4')
  LOGPIXELSX = 96
  LOGPIXELSY = 96
  object prPage1: TprPage
    Width = 2159
    Height = 2794
    PaperSize = 121
    Orientation = poPortrait
    lMargin = 10
    rMargin = 10
    tMargin = 10
    bMargin = 10
    PageScaleInfo.PaperSize = 121
    PageScaleInfo.PageWidth = 2159
    PageScaleInfo.PageHeight = 2794
    object prHPageHeaderBand1: TprHPageHeaderBand
      Height = 72
      UseVerticalBands = False
      PrintOnFirstPage = True
      object prMemoObj1: TprMemoObj
        dRec.DefVersion = 0
        dRec.Versions = <
          item
            Visible = True
            Memo.Strings = (
              '[EMPRESA]')
            lBorder.Show = False
            lBorder.Style = psSolid
            lBorder.Color = clBlack
            lBorder.Width = 1
            rBorder.Show = False
            rBorder.Style = psSolid
            rBorder.Color = clBlack
            rBorder.Width = 1
            tBorder.Show = False
            tBorder.Style = psSolid
            tBorder.Color = clBlack
            tBorder.Width = 1
            bBorder.Show = False
            bBorder.Style = psSolid
            bBorder.Color = clBlack
            bBorder.Width = 1
            FillColor = clWhite
            hAlign = prhLeft
            vAlign = prvTop
            Font.Charset = DEFAULT_CHARSET
            Font.Color = clWindowText
            Font.Height = -13
            Font.Name = 'Arial'
            Font.Style = [fsBold]
            Rotate90 = False
            DeleteEmptyLinesAtEnd = False
            DeleteEmptyLines = False
            CanResizeX = False
            CanResizeY = False
            WordWrap = False
            FontSize = 10
          end>
        dRec.Left = 10
        dRec.Top = 2
        dRec.Right = 187
        dRec.Bottom = 19
        Visible = False
      end
      object prMemoObj2: TprMemoObj
        dRec.DefVersion = 0
        dRec.Versions = <
          item
            Visible = True
            Memo.Strings = (
              'CONFRONTACION ASOCIADOS CON LISTA CLINTON')
            lBorder.Show = False
            lBorder.Style = psSolid
            lBorder.Color = clBlack
            lBorder.Width = 1
            rBorder.Show = False
            rBorder.Style = psSolid
            rBorder.Color = clBlack
            rBorder.Width = 1
            tBorder.Show = False
            tBorder.Style = psSolid
            tBorder.Color = clBlack
            tBorder.Width = 1
            bBorder.Show = False
            bBorder.Style = psSolid
            bBorder.Color = clBlack
            bBorder.Width = 1
            FillColor = clWhite
            hAlign = prhLeft
            vAlign = prvTop
            Font.Charset = DEFAULT_CHARSET
            Font.Color = clWindowText
            Font.Height = -13
            Font.Name = 'Arial'
            Font.Style = []
            Rotate90 = False
            DeleteEmptyLinesAtEnd = False
            DeleteEmptyLines = False
            CanResizeX = False
            CanResizeY = False
            WordWrap = False
            FontSize = 10
          end>
        dRec.Left = 194
        dRec.Top = 2
        dRec.Right = 523
        dRec.Bottom = 19
        Visible = False
      end
      object prMemoObj3: TprMemoObj
        dRec.DefVersion = 0
        dRec.Versions = <
          item
            Visible = True
            Memo.Strings = (
              'FECHA DEL PROCESO:[:<yyyy/mm/dd>StartDateTime]')
            lBorder.Show = False
            lBorder.Style = psSolid
            lBorder.Color = clBlack
            lBorder.Width = 1
            rBorder.Show = False
            rBorder.Style = psSolid
            rBorder.Color = clBlack
            rBorder.Width = 1
            tBorder.Show = False
            tBorder.Style = psSolid
            tBorder.Color = clBlack
            tBorder.Width = 1
            bBorder.Show = False
            bBorder.Style = psSolid
            bBorder.Color = clBlack
            bBorder.Width = 1
            FillColor = clWhite
            hAlign = prhLeft
            vAlign = prvTop
            Font.Charset = DEFAULT_CHARSET
            Font.Color = clWindowText
            Font.Height = -13
            Font.Name = 'Arial'
            Font.Style = []
            Rotate90 = False
            DeleteEmptyLinesAtEnd = False
            DeleteEmptyLines = False
            CanResizeX = False
            CanResizeY = False
            WordWrap = False
            FontSize = 10
          end>
        dRec.Left = 10
        dRec.Top = 26
        dRec.Right = 243
        dRec.Bottom = 43
        Visible = False
      end
      object prMemoObj4: TprMemoObj
        dRec.DefVersion = 0
        dRec.Versions = <
          item
            Visible = True
            Memo.Strings = (
              'P'#225'gina:[Page] de [PagesCount]')
            lBorder.Show = False
            lBorder.Style = psSolid
            lBorder.Color = clBlack
            lBorder.Width = 1
            rBorder.Show = False
            rBorder.Style = psSolid
            rBorder.Color = clBlack
            rBorder.Width = 1
            tBorder.Show = False
            tBorder.Style = psSolid
            tBorder.Color = clBlack
            tBorder.Width = 1
            bBorder.Show = False
            bBorder.Style = psSolid
            bBorder.Color = clBlack
            bBorder.Width = 1
            FillColor = clWhite
            hAlign = prhLeft
            vAlign = prvTop
            Font.Charset = DEFAULT_CHARSET
            Font.Color = clWindowText
            Font.Height = -13
            Font.Name = 'Arial'
            Font.Style = []
            Rotate90 = False
            DeleteEmptyLinesAtEnd = False
            DeleteEmptyLines = False
            CanResizeX = False
            CanResizeY = False
            WordWrap = False
            FontSize = 10
          end>
        dRec.Left = 442
        dRec.Top = 26
        dRec.Right = 635
        dRec.Bottom = 43
        Visible = False
      end
      object prMemoObj5: TprMemoObj
        dRec.DefVersion = 0
        dRec.Versions = <
          item
            Visible = True
            Memo.Strings = (
              'POSIBLES CONCORDANCIAS')
            lBorder.Show = False
            lBorder.Style = psSolid
            lBorder.Color = clBlack
            lBorder.Width = 1
            rBorder.Show = False
            rBorder.Style = psSolid
            rBorder.Color = clBlack
            rBorder.Width = 1
            tBorder.Show = False
            tBorder.Style = psSolid
            tBorder.Color = clBlack
            tBorder.Width = 1
            bBorder.Show = False
            bBorder.Style = psSolid
            bBorder.Color = clBlack
            bBorder.Width = 1
            FillColor = clWhite
            hAlign = prhLeft
            vAlign = prvTop
            Font.Charset = DEFAULT_CHARSET
            Font.Color = clWindowText
            Font.Height = -13
            Font.Name = 'Arial'
            Font.Style = []
            Rotate90 = False
            DeleteEmptyLinesAtEnd = False
            DeleteEmptyLines = False
            CanResizeX = False
            CanResizeY = False
            WordWrap = False
            FontSize = 10
          end>
        dRec.Left = 10
        dRec.Top = 50
        dRec.Right = 195
        dRec.Bottom = 67
        Visible = False
      end
    end
    object prHDetailHeaderBand1: TprHDetailHeaderBand
      Height = 16
      UseVerticalBands = False
      DetailBand = prHDetailBand1
      ColCount = 0
      ColDirection = prcdTopBottomLeftRight
      ReprintOnEachPage = False
      LinkToDetail = False
      object prShapeObj1: TprShapeObj
        dRec.DefVersion = 0
        dRec.Versions = <
          item
            Visible = True
          end>
        dRec.Left = 10
        dRec.Top = -6
        dRec.Right = 715
        dRec.Bottom = 11
        Visible = False
      end
    end
    object prHDetailBand1: TprHDetailBand
      Height = 104
      UseVerticalBands = False
      DataSetName = 'IBTabla'
      ColCount = 1
      ColDirection = prcdTopBottomLeftRight
      Bands = (
        'prHDetailHeaderBand1'
        'prHDetailFooterBand1')
      object prMemoObj6: TprMemoObj
        dRec.DefVersion = 0
        dRec.Versions = <
          item
            Visible = True
            Memo.Strings = (
              'IDENTIFICACION:')
            lBorder.Show = False
            lBorder.Style = psSolid
            lBorder.Color = clBlack
            lBorder.Width = 1
            rBorder.Show = False
            rBorder.Style = psSolid
            rBorder.Color = clBlack
            rBorder.Width = 1
            tBorder.Show = False
            tBorder.Style = psSolid
            tBorder.Color = clBlack
            tBorder.Width = 1
            bBorder.Show = False
            bBorder.Style = psSolid
            bBorder.Color = clBlack
            bBorder.Width = 1
            FillColor = clWhite
            hAlign = prhLeft
            vAlign = prvTop
            Font.Charset = DEFAULT_CHARSET
            Font.Color = clWindowText
            Font.Height = -13
            Font.Name = 'Arial'
            Font.Style = []
            Rotate90 = False
            DeleteEmptyLinesAtEnd = False
            DeleteEmptyLines = False
            CanResizeX = False
            CanResizeY = False
            WordWrap = False
            FontSize = 10
          end>
        dRec.Left = 10
        dRec.Top = 2
        dRec.Right = 123
        dRec.Bottom = 19
        Visible = False
      end
      object prMemoObj7: TprMemoObj
        dRec.DefVersion = 0
        dRec.Versions = <
          item
            Visible = True
            Memo.Strings = (
              'NOMBRE           :')
            lBorder.Show = False
            lBorder.Style = psSolid
            lBorder.Color = clBlack
            lBorder.Width = 1
            rBorder.Show = False
            rBorder.Style = psSolid
            rBorder.Color = clBlack
            rBorder.Width = 1
            tBorder.Show = False
            tBorder.Style = psSolid
            tBorder.Color = clBlack
            tBorder.Width = 1
            bBorder.Show = False
            bBorder.Style = psSolid
            bBorder.Color = clBlack
            bBorder.Width = 1
            FillColor = clWhite
            hAlign = prhLeft
            vAlign = prvTop
            Font.Charset = DEFAULT_CHARSET
            Font.Color = clWindowText
            Font.Height = -13
            Font.Name = 'Arial'
            Font.Style = []
            Rotate90 = False
            DeleteEmptyLinesAtEnd = False
            DeleteEmptyLines = False
            CanResizeX = False
            CanResizeY = False
            WordWrap = False
            FontSize = 10
          end>
        dRec.Left = 10
        dRec.Top = 18
        dRec.Right = 123
        dRec.Bottom = 35
        Visible = False
      end
      object prMemoObj8: TprMemoObj
        dRec.DefVersion = 0
        dRec.Versions = <
          item
            Visible = True
            Memo.Strings = (
              'Llave SDN          :')
            lBorder.Show = False
            lBorder.Style = psSolid
            lBorder.Color = clBlack
            lBorder.Width = 1
            rBorder.Show = False
            rBorder.Style = psSolid
            rBorder.Color = clBlack
            rBorder.Width = 1
            tBorder.Show = False
            tBorder.Style = psSolid
            tBorder.Color = clBlack
            tBorder.Width = 1
            bBorder.Show = False
            bBorder.Style = psSolid
            bBorder.Color = clBlack
            bBorder.Width = 1
            FillColor = clWhite
            hAlign = prhLeft
            vAlign = prvTop
            Font.Charset = DEFAULT_CHARSET
            Font.Color = clWindowText
            Font.Height = -13
            Font.Name = 'Arial'
            Font.Style = []
            Rotate90 = False
            DeleteEmptyLinesAtEnd = False
            DeleteEmptyLines = False
            CanResizeX = False
            CanResizeY = False
            WordWrap = False
            FontSize = 10
          end>
        dRec.Left = 10
        dRec.Top = 34
        dRec.Right = 123
        dRec.Bottom = 51
        Visible = False
      end
      object prMemoObj9: TprMemoObj
        dRec.DefVersion = 0
        dRec.Versions = <
          item
            Visible = True
            Memo.Strings = (
              'NOMBRE SDN   :')
            lBorder.Show = False
            lBorder.Style = psSolid
            lBorder.Color = clBlack
            lBorder.Width = 1
            rBorder.Show = False
            rBorder.Style = psSolid
            rBorder.Color = clBlack
            rBorder.Width = 1
            tBorder.Show = False
            tBorder.Style = psSolid
            tBorder.Color = clBlack
            tBorder.Width = 1
            bBorder.Show = False
            bBorder.Style = psSolid
            bBorder.Color = clBlack
            bBorder.Width = 1
            FillColor = clWhite
            hAlign = prhLeft
            vAlign = prvTop
            Font.Charset = DEFAULT_CHARSET
            Font.Color = clWindowText
            Font.Height = -13
            Font.Name = 'Arial'
            Font.Style = []
            Rotate90 = False
            DeleteEmptyLinesAtEnd = False
            DeleteEmptyLines = False
            CanResizeX = False
            CanResizeY = False
            WordWrap = False
            FontSize = 10
          end>
        dRec.Left = 10
        dRec.Top = 51
        dRec.Right = 123
        dRec.Bottom = 68
        Visible = False
      end
      object prMemoObj10: TprMemoObj
        dRec.DefVersion = 0
        dRec.Versions = <
          item
            Visible = True
            Memo.Strings = (
              'MARCAS SDN   :')
            lBorder.Show = False
            lBorder.Style = psSolid
            lBorder.Color = clBlack
            lBorder.Width = 1
            rBorder.Show = False
            rBorder.Style = psSolid
            rBorder.Color = clBlack
            rBorder.Width = 1
            tBorder.Show = False
            tBorder.Style = psSolid
            tBorder.Color = clBlack
            tBorder.Width = 1
            bBorder.Show = False
            bBorder.Style = psSolid
            bBorder.Color = clBlack
            bBorder.Width = 1
            FillColor = clWhite
            hAlign = prhLeft
            vAlign = prvTop
            Font.Charset = DEFAULT_CHARSET
            Font.Color = clWindowText
            Font.Height = -13
            Font.Name = 'Arial'
            Font.Style = []
            Rotate90 = False
            DeleteEmptyLinesAtEnd = False
            DeleteEmptyLines = False
            CanResizeX = False
            CanResizeY = False
            WordWrap = False
            FontSize = 10
          end>
        dRec.Left = 10
        dRec.Top = 67
        dRec.Right = 123
        dRec.Bottom = 84
        Visible = False
      end
      object prMemoObj11: TprMemoObj
        dRec.DefVersion = 0
        dRec.Versions = <
          item
            Visible = True
            Memo.Strings = (
              '[IBTabla.ID_PERSONA]')
            lBorder.Show = False
            lBorder.Style = psSolid
            lBorder.Color = clBlack
            lBorder.Width = 1
            rBorder.Show = False
            rBorder.Style = psSolid
            rBorder.Color = clBlack
            rBorder.Width = 1
            tBorder.Show = False
            tBorder.Style = psSolid
            tBorder.Color = clBlack
            tBorder.Width = 1
            bBorder.Show = False
            bBorder.Style = psSolid
            bBorder.Color = clBlack
            bBorder.Width = 1
            FillColor = clWhite
            hAlign = prhLeft
            vAlign = prvTop
            Font.Charset = DEFAULT_CHARSET
            Font.Color = clWindowText
            Font.Height = -13
            Font.Name = 'Arial'
            Font.Style = []
            Rotate90 = False
            DeleteEmptyLinesAtEnd = False
            DeleteEmptyLines = False
            CanResizeX = False
            CanResizeY = False
            WordWrap = False
            FontSize = 10
          end>
        dRec.Left = 122
        dRec.Top = 2
        dRec.Right = 323
        dRec.Bottom = 19
        Visible = False
      end
      object prMemoObj12: TprMemoObj
        dRec.DefVersion = 0
        dRec.Versions = <
          item
            Visible = True
            lBorder.Show = True
            lBorder.Style = psSolid
            lBorder.Color = clBlack
            lBorder.Width = 1
            rBorder.Show = True
            rBorder.Style = psSolid
            rBorder.Color = clBlack
            rBorder.Width = 1
            tBorder.Show = True
            tBorder.Style = psSolid
            tBorder.Color = clBlack
            tBorder.Width = 1
            bBorder.Show = True
            bBorder.Style = psSolid
            bBorder.Color = clBlack
            bBorder.Width = 1
            FillColor = clWhite
            hAlign = prhLeft
            vAlign = prvTop
            Font.Charset = DEFAULT_CHARSET
            Font.Color = clWindowText
            Font.Height = -13
            Font.Name = 'Arial'
            Font.Style = []
            Rotate90 = False
            DeleteEmptyLinesAtEnd = False
            DeleteEmptyLines = False
            CanResizeX = False
            CanResizeY = False
            WordWrap = False
            FontSize = 10
          end>
        dRec.Left = 130
        dRec.Top = 18
        dRec.Right = 131
        dRec.Bottom = 19
        Visible = False
      end
      object prMemoObj13: TprMemoObj
        dRec.DefVersion = 0
        dRec.Versions = <
          item
            Visible = True
            Memo.Strings = (
              '[IBTabla.NOMBRE]')
            lBorder.Show = False
            lBorder.Style = psSolid
            lBorder.Color = clBlack
            lBorder.Width = 1
            rBorder.Show = False
            rBorder.Style = psSolid
            rBorder.Color = clBlack
            rBorder.Width = 1
            tBorder.Show = False
            tBorder.Style = psSolid
            tBorder.Color = clBlack
            tBorder.Width = 1
            bBorder.Show = False
            bBorder.Style = psSolid
            bBorder.Color = clBlack
            bBorder.Width = 1
            FillColor = clWhite
            hAlign = prhLeft
            vAlign = prvTop
            Font.Charset = DEFAULT_CHARSET
            Font.Color = clWindowText
            Font.Height = -13
            Font.Name = 'Arial'
            Font.Style = []
            Rotate90 = False
            DeleteEmptyLinesAtEnd = False
            DeleteEmptyLines = False
            CanResizeX = False
            CanResizeY = False
            WordWrap = False
            FontSize = 10
          end>
        dRec.Left = 122
        dRec.Top = 18
        dRec.Right = 715
        dRec.Bottom = 35
        Visible = False
      end
      object prMemoObj14: TprMemoObj
        dRec.DefVersion = 0
        dRec.Versions = <
          item
            Visible = True
            Memo.Strings = (
              '[IBTabla.ENT_NUM]')
            lBorder.Show = False
            lBorder.Style = psSolid
            lBorder.Color = clBlack
            lBorder.Width = 1
            rBorder.Show = False
            rBorder.Style = psSolid
            rBorder.Color = clBlack
            rBorder.Width = 1
            tBorder.Show = False
            tBorder.Style = psSolid
            tBorder.Color = clBlack
            tBorder.Width = 1
            bBorder.Show = False
            bBorder.Style = psSolid
            bBorder.Color = clBlack
            bBorder.Width = 1
            FillColor = clWhite
            hAlign = prhLeft
            vAlign = prvTop
            Font.Charset = DEFAULT_CHARSET
            Font.Color = clWindowText
            Font.Height = -13
            Font.Name = 'Arial'
            Font.Style = []
            Rotate90 = False
            DeleteEmptyLinesAtEnd = False
            DeleteEmptyLines = False
            CanResizeX = False
            CanResizeY = False
            WordWrap = False
            FontSize = 10
          end>
        dRec.Left = 122
        dRec.Top = 34
        dRec.Right = 235
        dRec.Bottom = 51
        Visible = False
      end
      object prMemoObj15: TprMemoObj
        dRec.DefVersion = 0
        dRec.Versions = <
          item
            Visible = True
            Memo.Strings = (
              '[IBTabla.SDN_NAME]')
            lBorder.Show = False
            lBorder.Style = psSolid
            lBorder.Color = clBlack
            lBorder.Width = 1
            rBorder.Show = False
            rBorder.Style = psSolid
            rBorder.Color = clBlack
            rBorder.Width = 1
            tBorder.Show = False
            tBorder.Style = psSolid
            tBorder.Color = clBlack
            tBorder.Width = 1
            bBorder.Show = False
            bBorder.Style = psSolid
            bBorder.Color = clBlack
            bBorder.Width = 1
            FillColor = clWhite
            hAlign = prhLeft
            vAlign = prvTop
            Font.Charset = DEFAULT_CHARSET
            Font.Color = clWindowText
            Font.Height = -13
            Font.Name = 'Arial'
            Font.Style = []
            Rotate90 = False
            DeleteEmptyLinesAtEnd = False
            DeleteEmptyLines = False
            CanResizeX = False
            CanResizeY = False
            WordWrap = False
            FontSize = 10
          end>
        dRec.Left = 122
        dRec.Top = 50
        dRec.Right = 715
        dRec.Bottom = 67
        Visible = False
      end
      object prMemoObj16: TprMemoObj
        dRec.DefVersion = 0
        dRec.Versions = <
          item
            Visible = True
            Memo.Strings = (
              '[IBTabla.REMARKS]')
            lBorder.Show = False
            lBorder.Style = psSolid
            lBorder.Color = clBlack
            lBorder.Width = 1
            rBorder.Show = False
            rBorder.Style = psSolid
            rBorder.Color = clBlack
            rBorder.Width = 1
            tBorder.Show = False
            tBorder.Style = psSolid
            tBorder.Color = clBlack
            tBorder.Width = 1
            bBorder.Show = False
            bBorder.Style = psSolid
            bBorder.Color = clBlack
            bBorder.Width = 1
            FillColor = clWhite
            hAlign = prhLeft
            vAlign = prvTop
            Font.Charset = DEFAULT_CHARSET
            Font.Color = clWindowText
            Font.Height = -13
            Font.Name = 'Arial'
            Font.Style = []
            Rotate90 = False
            DeleteEmptyLinesAtEnd = True
            DeleteEmptyLines = False
            CanResizeX = False
            CanResizeY = True
            WordWrap = False
            FontSize = 10
          end>
        dRec.Left = 122
        dRec.Top = 66
        dRec.Right = 715
        dRec.Bottom = 83
        Visible = False
      end
    end
    object prHDetailFooterBand1: TprHDetailFooterBand
      Height = 16
      UseVerticalBands = False
      DetailBand = prHDetailBand1
      ColCount = 0
      ColDirection = prcdTopBottomLeftRight
      LinkToDetail = False
      object prShapeObj2: TprShapeObj
        dRec.DefVersion = 0
        dRec.Versions = <
          item
            Visible = True
          end>
        dRec.Left = 11
        dRec.Top = -5
        dRec.Right = 716
        dRec.Bottom = 12
        Visible = False
      end
    end
  end
end
